# JRE version: OpenJDK Runtime Environment Temurin-17.0.3+7 (17.0.3+7) (build 17.0.3+7)
# Java VM: OpenJDK 64-Bit Server VM Temurin-17.0.3+7 (17.0.3+7, mixed mode, emulated-client, tiered, compressed oops, compressed class ptrs, g1 gc, windows-amd64)
GC Precious Log:
 CPUs: 8 total, 8 available
 Memory: 6091M
 Large Page Support: Disabled
 NUMA Support: Disabled
 Compressed Oops: Enabled (32-bit)
 Heap Region Size: 1M
 Heap Min Capacity: 8M
 Heap Initial Capacity: 96M
 Heap Max Capacity: 1524M
 Pre-touch: Disabled
 Parallel Workers: 8
 Concurrent Workers: 2
 Concurrent Refinement Workers: 8
 Periodic GC: Disabled
Heap:
 garbage-first heap   total 61440K, used 18175K [0x00000000a0c00000, 0x0000000100000000)
  region size 1024K, 1 young (1024K), 0 survivors (0K)
 Metaspace       used 44221K, committed 44736K, reserved 1089536K
  class space    used 5919K, committed 6144K, reserved 1048576K
GC Heap History (20 events):
Event: 8379.804 GC heap before
{Heap before GC invocations=835 (full 802):
 garbage-first heap   total 61440K, used 18175K [0x00000000a0c00000, 0x0000000100000000)
  region size 1024K, 1 young (1024K), 0 survivors (0K)
 Metaspace       used 44221K, committed 44736K, reserved 1089536K
  class space    used 5919K, committed 6144K, reserved 1048576K
}
Event: 8379.861 GC heap after
{Heap after GC invocations=836 (full 803):
 garbage-first heap   total 61440K, used 18175K [0x00000000a0c00000, 0x0000000100000000)
  region size 1024K, 0 young (0K), 0 survivors (0K)
 Metaspace       used 44221K, committed 44736K, reserved 1089536K
  class space    used 5919K, committed 6144K, reserved 1048576K
}
Event: 8390.443 GC heap before
{Heap before GC invocations=836 (full 803):
 garbage-first heap   total 61440K, used 18175K [0x00000000a0c00000, 0x0000000100000000)
  region size 1024K, 1 young (1024K), 0 survivors (0K)
 Metaspace       used 44221K, committed 44736K, reserved 1089536K
  class space    used 5919K, committed 6144K, reserved 1048576K
}
Event: 8390.513 GC heap after
{Heap after GC invocations=837 (full 804):
 garbage-first heap   total 61440K, used 18175K [0x00000000a0c00000, 0x0000000100000000)
  region size 1024K, 0 young (0K), 0 survivors (0K)
 Metaspace       used 44221K, committed 44736K, reserved 1089536K
  class space    used 5919K, committed 6144K, reserved 1048576K
}
Event: 8401.121 GC heap before
{Heap before GC invocations=837 (full 804):
 garbage-first heap   total 61440K, used 18175K [0x00000000a0c00000, 0x0000000100000000)
  region size 1024K, 1 young (1024K), 0 survivors (0K)
 Metaspace       used 44221K, committed 44736K, reserved 1089536K
  class space    used 5919K, committed 6144K, reserved 1048576K
}
Event: 8401.184 GC heap after
{Heap after GC invocations=838 (full 805):
 garbage-first heap   total 61440K, used 18175K [0x00000000a0c00000, 0x0000000100000000)
  region size 1024K, 0 young (0K), 0 survivors (0K)
 Metaspace       used 44221K, committed 44736K, reserved 1089536K
  class space    used 5919K, committed 6144K, reserved 1048576K
}
Event: 8411.704 GC heap before
{Heap before GC invocations=838 (full 805):
 garbage-first heap   total 61440K, used 18175K [0x00000000a0c00000, 0x0000000100000000)
  region size 1024K, 1 young (1024K), 0 survivors (0K)
 Metaspace       used 44221K, committed 44736K, reserved 1089536K
  class space    used 5919K, committed 6144K, reserved 1048576K
}
Event: 8411.759 GC heap after
{Heap after GC invocations=839 (full 806):
 garbage-first heap   total 61440K, used 18175K [0x00000000a0c00000, 0x0000000100000000)
  region size 1024K, 0 young (0K), 0 survivors (0K)
 Metaspace       used 44221K, committed 44736K, reserved 1089536K
  class space    used 5919K, committed 6144K, reserved 1048576K
}
Event: 8422.701 GC heap before
{Heap before GC invocations=839 (full 806):
 garbage-first heap   total 61440K, used 18175K [0x00000000a0c00000, 0x0000000100000000)
  region size 1024K, 1 young (1024K), 0 survivors (0K)
 Metaspace       used 44221K, committed 44736K, reserved 1089536K
  class space    used 5919K, committed 6144K, reserved 1048576K
}
Event: 8422.780 GC heap after
{Heap after GC invocations=840 (full 807):
 garbage-first heap   total 61440K, used 18175K [0x00000000a0c00000, 0x0000000100000000)
  region size 1024K, 0 young (0K), 0 survivors (0K)
 Metaspace       used 44221K, committed 44736K, reserved 1089536K
  class space    used 5919K, committed 6144K, reserved 1048576K
}
Event: 8433.972 GC heap before
{Heap before GC invocations=840 (full 807):
 garbage-first heap   total 61440K, used 18175K [0x00000000a0c00000, 0x0000000100000000)
  region size 1024K, 1 young (1024K), 0 survivors (0K)
 Metaspace       used 44221K, committed 44736K, reserved 1089536K
  class space    used 5919K, committed 6144K, reserved 1048576K
}
Event: 8434.039 GC heap after
{Heap after GC invocations=841 (full 808):
 garbage-first heap   total 61440K, used 18175K [0x00000000a0c00000, 0x0000000100000000)
  region size 1024K, 0 young (0K), 0 survivors (0K)
 Metaspace       used 44221K, committed 44736K, reserved 1089536K
  class space    used 5919K, committed 6144K, reserved 1048576K
}
Event: 8445.526 GC heap before
{Heap before GC invocations=841 (full 808):
 garbage-first heap   total 61440K, used 18175K [0x00000000a0c00000, 0x0000000100000000)
  region size 1024K, 1 young (1024K), 0 survivors (0K)
 Metaspace       used 44221K, committed 44736K, reserved 1089536K
  class space    used 5919K, committed 6144K, reserved 1048576K
}
Event: 8445.623 GC heap after
{Heap after GC invocations=842 (full 809):
 garbage-first heap   total 61440K, used 18175K [0x00000000a0c00000, 0x0000000100000000)
  region size 1024K, 0 young (0K), 0 survivors (0K)
 Metaspace       used 44221K, committed 44736K, reserved 1089536K
  class space    used 5919K, committed 6144K, reserved 1048576K
}
Event: 8455.980 GC heap before
{Heap before GC invocations=842 (full 809):
 garbage-first heap   total 61440K, used 18175K [0x00000000a0c00000, 0x0000000100000000)
  region size 1024K, 1 young (1024K), 0 survivors (0K)
 Metaspace       used 44221K, committed 44736K, reserved 1089536K
  class space    used 5919K, committed 6144K, reserved 1048576K
}
Event: 8456.035 GC heap after
{Heap after GC invocations=843 (full 810):
 garbage-first heap   total 61440K, used 18175K [0x00000000a0c00000, 0x0000000100000000)
  region size 1024K, 0 young (0K), 0 survivors (0K)
 Metaspace       used 44221K, committed 44736K, reserved 1089536K
  class space    used 5919K, committed 6144K, reserved 1048576K
}
Event: 8466.815 GC heap before
{Heap before GC invocations=843 (full 810):
 garbage-first heap   total 61440K, used 18175K [0x00000000a0c00000, 0x0000000100000000)
  region size 1024K, 1 young (1024K), 0 survivors (0K)
 Metaspace       used 44221K, committed 44736K, reserved 1089536K
  class space    used 5919K, committed 6144K, reserved 1048576K
}
Event: 8466.888 GC heap after
{Heap after GC invocations=844 (full 811):
 garbage-first heap   total 61440K, used 18175K [0x00000000a0c00000, 0x0000000100000000)
  region size 1024K, 0 young (0K), 0 survivors (0K)
 Metaspace       used 44221K, committed 44736K, reserved 1089536K
  class space    used 5919K, committed 6144K, reserved 1048576K
}
Event: 8477.417 GC heap before
{Heap before GC invocations=844 (full 811):
 garbage-first heap   total 61440K, used 18175K [0x00000000a0c00000, 0x0000000100000000)
  region size 1024K, 1 young (1024K), 0 survivors (0K)
 Metaspace       used 44221K, committed 44736K, reserved 1089536K
  class space    used 5919K, committed 6144K, reserved 1048576K
}
Event: 8477.461 GC heap after
{Heap after GC invocations=845 (full 812):
 garbage-first heap   total 61440K, used 18175K [0x00000000a0c00000, 0x0000000100000000)
  region size 1024K, 0 young (0K), 0 survivors (0K)
 Metaspace       used 44221K, committed 44736K, reserved 1089536K
  class space    used 5919K, committed 6144K, reserved 1048576K
}

