# JRE version: OpenJDK Runtime Environment Temurin-17.0.3+7 (17.0.3+7) (build 17.0.3+7)
# Java VM: OpenJDK 64-Bit Server VM Temurin-17.0.3+7 (17.0.3+7, mixed mode, emulated-client, tiered, compressed oops, compressed class ptrs, g1 gc, windows-amd64)
GC Precious Log:
 CPUs: 8 total, 8 available
 Memory: 6091M
 Large Page Support: Disabled
 NUMA Support: Disabled
 Compressed Oops: Enabled (32-bit)
 Heap Region Size: 1M
 Heap Min Capacity: 8M
 Heap Initial Capacity: 96M
 Heap Max Capacity: 1524M
 Pre-touch: Disabled
 Parallel Workers: 8
 Concurrent Workers: 2
 Concurrent Refinement Workers: 8
 Periodic GC: Disabled
Heap:
 garbage-first heap   total 418816K, used 214769K [0x00000000a0c00000, 0x0000000100000000)
  region size 1024K, 113 young (115712K), 30 survivors (30720K)
 Metaspace       used 39530K, committed 39808K, reserved 1089536K
  class space    used 5446K, committed 5568K, reserved 1048576K
GC Heap History (20 events):
Event: 12.502 GC heap before
{Heap before GC invocations=23 (full 0):
 garbage-first heap   total 219136K, used 172335K [0x00000000a0c00000, 0x0000000100000000)
  region size 1024K, 124 young (126976K), 5 survivors (5120K)
 Metaspace       used 33944K, committed 34240K, reserved 1081344K
  class space    used 4403K, committed 4544K, reserved 1048576K
}
Event: 12.511 GC heap after
{Heap after GC invocations=24 (full 0):
 garbage-first heap   total 219136K, used 57031K [0x00000000a0c00000, 0x0000000100000000)
  region size 1024K, 10 young (10240K), 10 survivors (10240K)
 Metaspace       used 33944K, committed 34240K, reserved 1081344K
  class space    used 4403K, committed 4544K, reserved 1048576K
}
Event: 12.724 GC heap before
{Heap before GC invocations=24 (full 0):
 garbage-first heap   total 219136K, used 172743K [0x00000000a0c00000, 0x0000000100000000)
  region size 1024K, 124 young (126976K), 10 survivors (10240K)
 Metaspace       used 33944K, committed 34240K, reserved 1081344K
  class space    used 4403K, committed 4544K, reserved 1048576K
}
Event: 12.734 GC heap after
{Heap after GC invocations=25 (full 0):
 garbage-first heap   total 219136K, used 62865K [0x00000000a0c00000, 0x0000000100000000)
  region size 1024K, 14 young (14336K), 14 survivors (14336K)
 Metaspace       used 33944K, committed 34240K, reserved 1081344K
  class space    used 4403K, committed 4544K, reserved 1048576K
}
Event: 13.051 GC heap before
{Heap before GC invocations=25 (full 0):
 garbage-first heap   total 219136K, used 175505K [0x00000000a0c00000, 0x0000000100000000)
  region size 1024K, 125 young (128000K), 14 survivors (14336K)
 Metaspace       used 33944K, committed 34240K, reserved 1081344K
  class space    used 4403K, committed 4544K, reserved 1048576K
}
Event: 13.065 GC heap after
{Heap after GC invocations=26 (full 0):
 garbage-first heap   total 219136K, used 68687K [0x00000000a0c00000, 0x0000000100000000)
  region size 1024K, 12 young (12288K), 12 survivors (12288K)
 Metaspace       used 33944K, committed 34240K, reserved 1081344K
  class space    used 4403K, committed 4544K, reserved 1048576K
}
Event: 13.212 GC heap before
{Heap before GC invocations=26 (full 0):
 garbage-first heap   total 219136K, used 177231K [0x00000000a0c00000, 0x0000000100000000)
  region size 1024K, 119 young (121856K), 12 survivors (12288K)
 Metaspace       used 33944K, committed 34240K, reserved 1081344K
  class space    used 4403K, committed 4544K, reserved 1048576K
}
Event: 13.228 GC heap after
{Heap after GC invocations=27 (full 0):
 garbage-first heap   total 302080K, used 75307K [0x00000000a0c00000, 0x0000000100000000)
  region size 1024K, 13 young (13312K), 13 survivors (13312K)
 Metaspace       used 33944K, committed 34240K, reserved 1081344K
  class space    used 4403K, committed 4544K, reserved 1048576K
}
Event: 13.523 GC heap before
{Heap before GC invocations=27 (full 0):
 garbage-first heap   total 302080K, used 243243K [0x00000000a0c00000, 0x0000000100000000)
  region size 1024K, 177 young (181248K), 13 survivors (13312K)
 Metaspace       used 33947K, committed 34240K, reserved 1081344K
  class space    used 4403K, committed 4544K, reserved 1048576K
}
Event: 13.550 GC heap after
{Heap after GC invocations=28 (full 0):
 garbage-first heap   total 302080K, used 80957K [0x00000000a0c00000, 0x0000000100000000)
  region size 1024K, 18 young (18432K), 18 survivors (18432K)
 Metaspace       used 33947K, committed 34240K, reserved 1081344K
  class space    used 4403K, committed 4544K, reserved 1048576K
}
Event: 13.833 GC heap before
{Heap before GC invocations=28 (full 0):
 garbage-first heap   total 302080K, used 242749K [0x00000000a0c00000, 0x0000000100000000)
  region size 1024K, 177 young (181248K), 18 survivors (18432K)
 Metaspace       used 33947K, committed 34240K, reserved 1081344K
  class space    used 4403K, committed 4544K, reserved 1048576K
}
Event: 13.849 GC heap after
{Heap after GC invocations=29 (full 0):
 garbage-first heap   total 302080K, used 89332K [0x00000000a0c00000, 0x0000000100000000)
  region size 1024K, 21 young (21504K), 21 survivors (21504K)
 Metaspace       used 33947K, committed 34240K, reserved 1081344K
  class space    used 4403K, committed 4544K, reserved 1048576K
}
Event: 14.398 GC heap before
{Heap before GC invocations=29 (full 0):
 garbage-first heap   total 302080K, used 248052K [0x00000000a0c00000, 0x0000000100000000)
  region size 1024K, 177 young (181248K), 21 survivors (21504K)
 Metaspace       used 33947K, committed 34240K, reserved 1081344K
  class space    used 4403K, committed 4544K, reserved 1048576K
}
Event: 14.421 GC heap after
{Heap after GC invocations=30 (full 0):
 garbage-first heap   total 302080K, used 96783K [0x00000000a0c00000, 0x0000000100000000)
  region size 1024K, 16 young (16384K), 16 survivors (16384K)
 Metaspace       used 33947K, committed 34240K, reserved 1081344K
  class space    used 4403K, committed 4544K, reserved 1048576K
}
Event: 14.761 GC heap before
{Heap before GC invocations=30 (full 0):
 garbage-first heap   total 302080K, used 250383K [0x00000000a0c00000, 0x0000000100000000)
  region size 1024K, 166 young (169984K), 16 survivors (16384K)
 Metaspace       used 33947K, committed 34240K, reserved 1081344K
  class space    used 4403K, committed 4544K, reserved 1048576K
}
Event: 14.782 GC heap after
{Heap after GC invocations=31 (full 0):
 garbage-first heap   total 418816K, used 107496K [0x00000000a0c00000, 0x0000000100000000)
  region size 1024K, 17 young (17408K), 17 survivors (17408K)
 Metaspace       used 33947K, committed 34240K, reserved 1081344K
  class space    used 4403K, committed 4544K, reserved 1048576K
}
Event: 15.718 GC heap before
{Heap before GC invocations=31 (full 0):
 garbage-first heap   total 418816K, used 339944K [0x00000000a0c00000, 0x0000000100000000)
  region size 1024K, 245 young (250880K), 17 survivors (17408K)
 Metaspace       used 33947K, committed 34240K, reserved 1081344K
  class space    used 4403K, committed 4544K, reserved 1048576K
}
Event: 15.766 GC heap after
{Heap after GC invocations=32 (full 0):
 garbage-first heap   total 418816K, used 119167K [0x00000000a0c00000, 0x0000000100000000)
  region size 1024K, 20 young (20480K), 20 survivors (20480K)
 Metaspace       used 33947K, committed 34240K, reserved 1081344K
  class space    used 4403K, committed 4544K, reserved 1048576K
}
Event: 18.745 GC heap before
{Heap before GC invocations=32 (full 0):
 garbage-first heap   total 418816K, used 342399K [0x00000000a0c00000, 0x0000000100000000)
  region size 1024K, 239 young (244736K), 20 survivors (20480K)
 Metaspace       used 33994K, committed 34304K, reserved 1081344K
  class space    used 4407K, committed 4544K, reserved 1048576K
}
Event: 18.859 GC heap after
{Heap after GC invocations=33 (full 0):
 garbage-first heap   total 418816K, used 131825K [0x00000000a0c00000, 0x0000000100000000)
  region size 1024K, 30 young (30720K), 30 survivors (30720K)
 Metaspace       used 33994K, committed 34304K, reserved 1081344K
  class space    used 4407K, committed 4544K, reserved 1048576K
}

